2024-10-23T14:02:03.292505700255-14:02:03 **** Incremental Build of configuration Debug for project SoC_Vitis ****
000-make all 
000-make --no-print-directory pre-build
000-a9-linaro-pre-build-step
000-' '
000-make --no-print-directory main-build
000-'Building file: ../src/aes.c'
000-'Invoking: ARM v7 gcc compiler'
000-arm-none-eabi-gcc -Wall -O0 -g3 -c -fmessage-length=0 -MT"src/aes.o" -mcpu=cortex-a9 -mfpu=vfpv3 -mfloat-abi=hard -IH:/project/SoC_project/design_aes_wrapper/export/design_aes_wrapper/sw/design_aes_wrapper/standalone_domain/bspinclude/include -MMD -MP -MF"src/aes.d" -MT"src/aes.o" -o "src/aes.o" "../src/aes.c"
000-In file included from ../src/aes.c:52:
000/design_aes_wrapper/export/design_aes_wrapper/sw/design_aes_wrapper/standalone_domain/bspinclude/include/xbasic_types.h118-1-1#warning The xbasics_type.h file is deprecated and users should use xil_types.h and xil_assert. [-Wcpp]1-H:/project/SoC_project/design_aes_wrapper/export/design_aes_wrapper/sw/design_aes_wrapper/standalone_domain/bspinclude/include/xbasic_types.h:118:2: warning: #warning The xbasics_type.h file is deprecated and users should use xil_types.h and xil_assert. [-Wcpp]
000- #warning  The xbasics_type.h file is deprecated and users should use xil_types.h and xil_assert.
000-  ^~~~~~~
000/design_aes_wrapper/export/design_aes_wrapper/sw/design_aes_wrapper/standalone_domain/bspinclude/include/xbasic_types.h119-1-1#warning Please refer the Standalone BSP UG647 for further details [-Wcpp]1-H:/project/SoC_project/design_aes_wrapper/export/design_aes_wrapper/sw/design_aes_wrapper/standalone_domain/bspinclude/include/xbasic_types.h:119:2: warning: #warning Please refer the Standalone BSP UG647 for further details [-Wcpp]
000- #warning  Please refer the Standalone BSP UG647 for further details
000-  ^~~~~~~
000-In file included from ../src/aes.c:55:
000/design_aes_wrapper/export/design_aes_wrapper/sw/design_aes_wrapper/standalone_domain/bspinclude/include/xtime_l.h85-1-1#pragma message: For the sleep routines, Global timer is being used0-H:/project/SoC_project/design_aes_wrapper/export/design_aes_wrapper/sw/design_aes_wrapper/standalone_domain/bspinclude/include/xtime_l.h:85:9: note: #pragma message: For the sleep routines, Global timer is being used
000- #pragma message ("For the sleep routines, Global timer is being used")
000-         ^~~~~~~
000/SoC_Vitis/src/aes.c60-1-1initialization of 'Xuint32 *' {aka 'long unsigned int *'} from 'int' makes pointer from integer without a cast [-Wint-conversion]1-../src/aes.c:60:26: warning: initialization of 'Xuint32 *' {aka 'long unsigned int *'} from 'int' makes pointer from integer without a cast [-Wint-conversion]
000- Xuint32 *key_base_addr = 0x43C00010;
000-                          ^~~~~~~~~~
000/SoC_Vitis/src/aes.c61-1-1initialization of 'Xuint32 *' {aka 'long unsigned int *'} from 'int' makes pointer from integer without a cast [-Wint-conversion]1-../src/aes.c:61:34: warning: initialization of 'Xuint32 *' {aka 'long unsigned int *'} from 'int' makes pointer from integer without a cast [-Wint-conversion]
000- Xuint32 *cypher_text_base_addr = 0x43C00020;
000-                                  ^~~~~~~~~~
000/SoC_Vitis/src/aes.c63-1-1unknown type name 'uint8x16_t'; did you mean 'uint16_t'?21:../src/aes.c:63:1: error: unknown type name 'uint8x16_t'; did you mean 'uint16_t'?
000- uint8x16_t cypher,plain;
000- ^~~~~~~~~~
000- uint16_t
000-../src/aes.c: In function 'Encrypt_AES':
000/SoC_Vitis/src/aes.c76-1-1implicit declaration of function 'vld1q_u8' [-Wimplicit-function-declaration]1-../src/aes.c:76:10: warning: implicit declaration of function 'vld1q_u8' [-Wimplicit-function-declaration]
000-  cypher= vld1q_u8(cypher_text_base_addr);
000-          ^~~~~~~~
000/SoC_Vitis/src/aes.c78-1-1implicit declaration of function 'veorq_u8' [-Wimplicit-function-declaration]1-../src/aes.c:78:9: warning: implicit declaration of function 'veorq_u8' [-Wimplicit-function-declaration]
000-  cypher=veorq_u8(cypher,plain);
000-         ^~~~~~~~
000/SoC_Vitis/src/aes.c79-1-1implicit declaration of function 'vst1q_u8' [-Wimplicit-function-declaration]1-../src/aes.c:79:2: warning: implicit declaration of function 'vst1q_u8' [-Wimplicit-function-declaration]
000-  vst1q_u8(cypher_text,cypher);
000-  ^~~~~~~~
000-../src/aes.c: In function 'main':
000/SoC_Vitis/src/aes.c148-1-1passing argument 2 of 'Encrypt_AES' discards 'const' qualifier from pointer target type [-Wdiscarded-qualifiers]1-../src/aes.c:148:26: warning: passing argument 2 of 'Encrypt_AES' discards 'const' qualifier from pointer target type [-Wdiscarded-qualifiers]
000-  Encrypt_AES(plain_text, key_string, cypher_text);
000-                          ^~~~~~~~~~
000/SoC_Vitis/src/aes.c65-1-1expected 'char *' but argument is of type 'const char *'0-../src/aes.c:65:42: note: expected 'char *' but argument is of type 'const char *'
000- void Encrypt_AES(char* plain_text, char* key, char* cypher_text){
000-                                    ~~~~~~^~~
000/SoC_Vitis/src/aes.c150-1-1passing argument 2 of 'print_results' discards 'const' qualifier from pointer target type [-Wdiscarded-qualifiers]1-../src/aes.c:150:28: warning: passing argument 2 of 'print_results' discards 'const' qualifier from pointer target type [-Wdiscarded-qualifiers]
000-  print_results(plain_text, key_string, cypher_text);
000-                            ^~~~~~~~~~
000/SoC_Vitis/src/aes.c121-1-1expected 'char *' but argument is of type 'const char *'0-../src/aes.c:121:44: note: expected 'char *' but argument is of type 'const char *'
000- void print_results(char plain_text[], char key_string[], char cypher_text[]){
000-                                       ~~~~~^~~~~~~~~~~~
000/SoC_Vitis0-1-1make[1]: *** [src/subdir.mk:26: src/aes.o] Error 12-make[1]: *** [src/subdir.mk:26: src/aes.o] Error 1
000/SoC_Vitis0-1-1make: *** [makefile:34: all] Error 22-make: *** [makefile:34: all] Error 2
00255-
14:02:03 Build Finished (took 671ms)

